<?xml version="1.0" encoding="UTF-8"?>
<!-- Generated by org.testng.reporters.JUnitXMLReporter -->
<testsuite hostname="DESKTOP-6I1QFU3" name="Test" tests="4" failures="0" timestamp="9 Oct 2021 15:56:04 GMT" time="28.053" errors="0">
  <testcase name="loginTest" time="6.704" classname="com.test.LoginTest"/>
  <testcase name="loginTest" time="5.539" classname="com.test.LoginTest"/>
  <testcase name="loginTest" time="11.143" classname="com.test.LoginTest"/>
  <testcase name="adminTest" time="2.246" classname="com.test.AdminTest"/>
</testsuite> <!-- Test -->
